<<<<<<< HEAD
/*C5*/SET SCHEMA PUBLIC
DISCONNECT
/*C6*/SET SCHEMA PUBLIC
DISCONNECT
/*C7*/SET SCHEMA PUBLIC
DISCONNECT
/*C8*/SET SCHEMA PUBLIC
DELETE FROM USUARIO WHERE IDUSUARIO=8
INSERT INTO USUARIO VALUES(8,8,'10:00am - 8:00pm','BrandonR','Ortiz','Rojas','brandon@gmail.com','brandon')
COMMIT
DISCONNECT
/*C9*/SET SCHEMA PUBLIC
DISCONNECT
=======
/*C3*/SET SCHEMA PUBLIC
DISCONNECT
/*C4*/SET SCHEMA PUBLIC
DISCONNECT
/*C5*/SET SCHEMA PUBLIC
DISCONNECT
/*C6*/SET SCHEMA PUBLIC
DELETE FROM USUARIO WHERE IDUSUARIO=8
INSERT INTO USUARIO VALUES(8,48,'5:00am-5:00pm','Jorge','Ortiz','Rojas','brandon@gmail.com','brandon')
COMMIT
DISCONNECT
/*C7*/SET SCHEMA PUBLIC
DISCONNECT
>>>>>>> 231b0c286e515df6b24e01d0ebd5959c7d3954b2
